CRITICAL - 2024-06-06 16:57:18 --> ErrorException: Undefined variable $title
[Method: GET, Route: mahasiswa]
in APPPATH\Views\templates\header.php on line 4.
 1 APPPATH\Views\templates\header.php(4): CodeIgniter\Debug\Exceptions->errorHandler(2, 'Undefined variable $title', 'C:\\xampp\\htdocs\\ci\\app\\Views\\templates\\header.php', 4)
 2 SYSTEMPATH\View\View.php(234): include('C:\\xampp\\htdocs\\ci\\app\\Views\\templates\\header.php')
 3 SYSTEMPATH\View\View.php(237): CodeIgniter\View\View->CodeIgniter\View\{closure}()
 4 SYSTEMPATH\Common.php(1171): CodeIgniter\View\View->render('templates/header', [], true)
 5 APPPATH\Controllers\Mahasiswa.php(9): view('templates/header')
 6 SYSTEMPATH\CodeIgniter.php(933): App\Controllers\Mahasiswa->index()
 7 SYSTEMPATH\CodeIgniter.php(509): CodeIgniter\CodeIgniter->runController(Object(App\Controllers\Mahasiswa))
 8 SYSTEMPATH\CodeIgniter.php(355): CodeIgniter\CodeIgniter->handleRequest(null, Object(Config\Cache), false)
 9 SYSTEMPATH\Boot.php(312): CodeIgniter\CodeIgniter->run()
10 SYSTEMPATH\Boot.php(67): CodeIgniter\Boot::runCodeIgniter(Object(CodeIgniter\CodeIgniter))
11 FCPATH\index.php(56): CodeIgniter\Boot::bootWeb(Object(Config\Paths))
CRITICAL - 2024-06-06 17:23:57 --> ErrorException: Undefined property: CodeIgniter\View\View::$session
[Method: GET, Route: mahasiswa]
in APPPATH\Views\mahasiswa\index.php on line 14.
 1 APPPATH\Views\mahasiswa\index.php(14): CodeIgniter\Debug\Exceptions->errorHandler(2, 'Undefined property: CodeIgniter\\View\\View::$session', 'C:\\xampp\\htdocs\\ci\\app\\Views\\mahasiswa\\index.php', 14)
 2 SYSTEMPATH\View\View.php(234): include('C:\\xampp\\htdocs\\ci\\app\\Views\\mahasiswa\\index.php')
 3 SYSTEMPATH\View\View.php(237): CodeIgniter\View\View->CodeIgniter\View\{closure}()
 4 SYSTEMPATH\Common.php(1171): CodeIgniter\View\View->render('mahasiswa/index', [], true)
 5 APPPATH\Controllers\Mahasiswa.php(12): view('mahasiswa/index')
 6 SYSTEMPATH\CodeIgniter.php(933): App\Controllers\Mahasiswa->index()
 7 SYSTEMPATH\CodeIgniter.php(509): CodeIgniter\CodeIgniter->runController(Object(App\Controllers\Mahasiswa))
 8 SYSTEMPATH\CodeIgniter.php(355): CodeIgniter\CodeIgniter->handleRequest(null, Object(Config\Cache), false)
 9 SYSTEMPATH\Boot.php(312): CodeIgniter\CodeIgniter->run()
10 SYSTEMPATH\Boot.php(67): CodeIgniter\Boot::runCodeIgniter(Object(CodeIgniter\CodeIgniter))
11 FCPATH\index.php(56): CodeIgniter\Boot::bootWeb(Object(Config\Paths))
12 SYSTEMPATH\Commands\Server\rewrite.php(49): require_once('C:\\xampp\\htdocs\\ci\\public\\index.php')
CRITICAL - 2024-06-06 17:24:17 --> ErrorException: Undefined property: CodeIgniter\View\View::$session
[Method: GET, Route: mahasiswa]
in APPPATH\Views\mahasiswa\index.php on line 14.
 1 APPPATH\Views\mahasiswa\index.php(14): CodeIgniter\Debug\Exceptions->errorHandler(2, 'Undefined property: CodeIgniter\\View\\View::$session', 'C:\\xampp\\htdocs\\ci\\app\\Views\\mahasiswa\\index.php', 14)
 2 SYSTEMPATH\View\View.php(234): include('C:\\xampp\\htdocs\\ci\\app\\Views\\mahasiswa\\index.php')
 3 SYSTEMPATH\View\View.php(237): CodeIgniter\View\View->CodeIgniter\View\{closure}()
 4 SYSTEMPATH\Common.php(1171): CodeIgniter\View\View->render('mahasiswa/index', [], true)
 5 APPPATH\Controllers\Mahasiswa.php(12): view('mahasiswa/index', [...])
 6 SYSTEMPATH\CodeIgniter.php(933): App\Controllers\Mahasiswa->index()
 7 SYSTEMPATH\CodeIgniter.php(509): CodeIgniter\CodeIgniter->runController(Object(App\Controllers\Mahasiswa))
 8 SYSTEMPATH\CodeIgniter.php(355): CodeIgniter\CodeIgniter->handleRequest(null, Object(Config\Cache), false)
 9 SYSTEMPATH\Boot.php(312): CodeIgniter\CodeIgniter->run()
10 SYSTEMPATH\Boot.php(67): CodeIgniter\Boot::runCodeIgniter(Object(CodeIgniter\CodeIgniter))
11 FCPATH\index.php(56): CodeIgniter\Boot::bootWeb(Object(Config\Paths))
12 SYSTEMPATH\Commands\Server\rewrite.php(49): require_once('C:\\xampp\\htdocs\\ci\\public\\index.php')
CRITICAL - 2024-06-06 17:55:07 --> ErrorException: Access level to App\Models\Mahasiswa_model::$table must be protected (as in class CodeIgniter\Model) or weaker
[Method: GET, Route: mahasiswa]
in APPPATH\Models\Mahasiswa_model.php on line 7.
 1 [internal function]: CodeIgniter\Debug\Exceptions->shutdownHandler()
CRITICAL - 2024-06-06 17:55:42 --> ErrorException: Access level to App\Models\Mahasiswa_model::$table must be protected (as in class CodeIgniter\Model) or weaker
[Method: GET, Route: mahasiswa]
in APPPATH\Models\Mahasiswa_model.php on line 7.
 1 [internal function]: CodeIgniter\Debug\Exceptions->shutdownHandler()
CRITICAL - 2024-06-06 17:56:02 --> ErrorException: Undefined property: CodeIgniter\View\View::$session
[Method: GET, Route: mahasiswa]
in APPPATH\Views\mahasiswa\index.php on line 14.
 1 APPPATH\Views\mahasiswa\index.php(14): CodeIgniter\Debug\Exceptions->errorHandler(2, 'Undefined property: CodeIgniter\\View\\View::$session', 'C:\\xampp\\htdocs\\ci\\app\\Views\\mahasiswa\\index.php', 14)
 2 SYSTEMPATH\View\View.php(234): include('C:\\xampp\\htdocs\\ci\\app\\Views\\mahasiswa\\index.php')
 3 SYSTEMPATH\View\View.php(237): CodeIgniter\View\View->CodeIgniter\View\{closure}()
 4 SYSTEMPATH\Common.php(1171): CodeIgniter\View\View->render('mahasiswa/index', [], true)
 5 APPPATH\Controllers\Mahasiswa.php(20): view('mahasiswa/index', [...])
 6 SYSTEMPATH\CodeIgniter.php(933): App\Controllers\Mahasiswa->index()
 7 SYSTEMPATH\CodeIgniter.php(509): CodeIgniter\CodeIgniter->runController(Object(App\Controllers\Mahasiswa))
 8 SYSTEMPATH\CodeIgniter.php(355): CodeIgniter\CodeIgniter->handleRequest(null, Object(Config\Cache), false)
 9 SYSTEMPATH\Boot.php(312): CodeIgniter\CodeIgniter->run()
10 SYSTEMPATH\Boot.php(67): CodeIgniter\Boot::runCodeIgniter(Object(CodeIgniter\CodeIgniter))
11 FCPATH\index.php(56): CodeIgniter\Boot::bootWeb(Object(Config\Paths))
CRITICAL - 2024-06-06 17:57:32 --> ErrorException: Attempt to read property "IdMhsw" on array
[Method: GET, Route: mahasiswa]
in APPPATH\Views\mahasiswa\index.php on line 42.
 1 APPPATH\Views\mahasiswa\index.php(42): CodeIgniter\Debug\Exceptions->errorHandler(2, 'Attempt to read property "IdMhsw" on array', 'C:\\xampp\\htdocs\\ci\\app\\Views\\mahasiswa\\index.php', 42)
 2 SYSTEMPATH\View\View.php(234): include('C:\\xampp\\htdocs\\ci\\app\\Views\\mahasiswa\\index.php')
 3 SYSTEMPATH\View\View.php(237): CodeIgniter\View\View->CodeIgniter\View\{closure}()
 4 SYSTEMPATH\Common.php(1171): CodeIgniter\View\View->render('mahasiswa/index', [], true)
 5 APPPATH\Controllers\Mahasiswa.php(20): view('mahasiswa/index', [...])
 6 SYSTEMPATH\CodeIgniter.php(933): App\Controllers\Mahasiswa->index()
 7 SYSTEMPATH\CodeIgniter.php(509): CodeIgniter\CodeIgniter->runController(Object(App\Controllers\Mahasiswa))
 8 SYSTEMPATH\CodeIgniter.php(355): CodeIgniter\CodeIgniter->handleRequest(null, Object(Config\Cache), false)
 9 SYSTEMPATH\Boot.php(312): CodeIgniter\CodeIgniter->run()
10 SYSTEMPATH\Boot.php(67): CodeIgniter\Boot::runCodeIgniter(Object(CodeIgniter\CodeIgniter))
11 FCPATH\index.php(56): CodeIgniter\Boot::bootWeb(Object(Config\Paths))
CRITICAL - 2024-06-06 17:57:50 --> ErrorException: Attempt to read property "IdMhsw" on array
[Method: GET, Route: mahasiswa]
in APPPATH\Views\mahasiswa\index.php on line 42.
 1 APPPATH\Views\mahasiswa\index.php(42): CodeIgniter\Debug\Exceptions->errorHandler(2, 'Attempt to read property "IdMhsw" on array', 'C:\\xampp\\htdocs\\ci\\app\\Views\\mahasiswa\\index.php', 42)
 2 SYSTEMPATH\View\View.php(234): include('C:\\xampp\\htdocs\\ci\\app\\Views\\mahasiswa\\index.php')
 3 SYSTEMPATH\View\View.php(237): CodeIgniter\View\View->CodeIgniter\View\{closure}()
 4 SYSTEMPATH\Common.php(1171): CodeIgniter\View\View->render('mahasiswa/index', [], true)
 5 APPPATH\Controllers\Mahasiswa.php(20): view('mahasiswa/index', [...])
 6 SYSTEMPATH\CodeIgniter.php(933): App\Controllers\Mahasiswa->index()
 7 SYSTEMPATH\CodeIgniter.php(509): CodeIgniter\CodeIgniter->runController(Object(App\Controllers\Mahasiswa))
 8 SYSTEMPATH\CodeIgniter.php(355): CodeIgniter\CodeIgniter->handleRequest(null, Object(Config\Cache), false)
 9 SYSTEMPATH\Boot.php(312): CodeIgniter\CodeIgniter->run()
10 SYSTEMPATH\Boot.php(67): CodeIgniter\Boot::runCodeIgniter(Object(CodeIgniter\CodeIgniter))
11 FCPATH\index.php(56): CodeIgniter\Boot::bootWeb(Object(Config\Paths))
CRITICAL - 2024-06-06 17:58:43 --> ErrorException: Attempt to read property "IdMhsw" on array
[Method: GET, Route: mahasiswa]
in APPPATH\Views\mahasiswa\index.php on line 40.
 1 APPPATH\Views\mahasiswa\index.php(40): CodeIgniter\Debug\Exceptions->errorHandler(2, 'Attempt to read property "IdMhsw" on array', 'C:\\xampp\\htdocs\\ci\\app\\Views\\mahasiswa\\index.php', 40)
 2 SYSTEMPATH\View\View.php(234): include('C:\\xampp\\htdocs\\ci\\app\\Views\\mahasiswa\\index.php')
 3 SYSTEMPATH\View\View.php(237): CodeIgniter\View\View->CodeIgniter\View\{closure}()
 4 SYSTEMPATH\Common.php(1171): CodeIgniter\View\View->render('mahasiswa/index', [], true)
 5 APPPATH\Controllers\Mahasiswa.php(20): view('mahasiswa/index', [...])
 6 SYSTEMPATH\CodeIgniter.php(933): App\Controllers\Mahasiswa->index()
 7 SYSTEMPATH\CodeIgniter.php(509): CodeIgniter\CodeIgniter->runController(Object(App\Controllers\Mahasiswa))
 8 SYSTEMPATH\CodeIgniter.php(355): CodeIgniter\CodeIgniter->handleRequest(null, Object(Config\Cache), false)
 9 SYSTEMPATH\Boot.php(312): CodeIgniter\CodeIgniter->run()
10 SYSTEMPATH\Boot.php(67): CodeIgniter\Boot::runCodeIgniter(Object(CodeIgniter\CodeIgniter))
11 FCPATH\index.php(56): CodeIgniter\Boot::bootWeb(Object(Config\Paths))
CRITICAL - 2024-06-06 17:59:18 --> ErrorException: Attempt to read property "IdMhsw" on array
[Method: GET, Route: mahasiswa]
in APPPATH\Views\mahasiswa\index.php on line 40.
 1 APPPATH\Views\mahasiswa\index.php(40): CodeIgniter\Debug\Exceptions->errorHandler(2, 'Attempt to read property "IdMhsw" on array', 'C:\\xampp\\htdocs\\ci\\app\\Views\\mahasiswa\\index.php', 40)
 2 SYSTEMPATH\View\View.php(234): include('C:\\xampp\\htdocs\\ci\\app\\Views\\mahasiswa\\index.php')
 3 SYSTEMPATH\View\View.php(237): CodeIgniter\View\View->CodeIgniter\View\{closure}()
 4 SYSTEMPATH\Common.php(1171): CodeIgniter\View\View->render('mahasiswa/index', [], true)
 5 APPPATH\Controllers\Mahasiswa.php(20): view('mahasiswa/index', [...])
 6 SYSTEMPATH\CodeIgniter.php(933): App\Controllers\Mahasiswa->index()
 7 SYSTEMPATH\CodeIgniter.php(509): CodeIgniter\CodeIgniter->runController(Object(App\Controllers\Mahasiswa))
 8 SYSTEMPATH\CodeIgniter.php(355): CodeIgniter\CodeIgniter->handleRequest(null, Object(Config\Cache), false)
 9 SYSTEMPATH\Boot.php(312): CodeIgniter\CodeIgniter->run()
10 SYSTEMPATH\Boot.php(67): CodeIgniter\Boot::runCodeIgniter(Object(CodeIgniter\CodeIgniter))
11 FCPATH\index.php(56): CodeIgniter\Boot::bootWeb(Object(Config\Paths))
CRITICAL - 2024-06-06 17:59:36 --> ErrorException: Attempt to read property "IdMhsw" on array
[Method: GET, Route: mahasiswa]
in APPPATH\Views\mahasiswa\index.php on line 40.
 1 APPPATH\Views\mahasiswa\index.php(40): CodeIgniter\Debug\Exceptions->errorHandler(2, 'Attempt to read property "IdMhsw" on array', 'C:\\xampp\\htdocs\\ci\\app\\Views\\mahasiswa\\index.php', 40)
 2 SYSTEMPATH\View\View.php(234): include('C:\\xampp\\htdocs\\ci\\app\\Views\\mahasiswa\\index.php')
 3 SYSTEMPATH\View\View.php(237): CodeIgniter\View\View->CodeIgniter\View\{closure}()
 4 SYSTEMPATH\Common.php(1171): CodeIgniter\View\View->render('mahasiswa/index', [], true)
 5 APPPATH\Controllers\Mahasiswa.php(20): view('mahasiswa/index', [...])
 6 SYSTEMPATH\CodeIgniter.php(933): App\Controllers\Mahasiswa->index()
 7 SYSTEMPATH\CodeIgniter.php(509): CodeIgniter\CodeIgniter->runController(Object(App\Controllers\Mahasiswa))
 8 SYSTEMPATH\CodeIgniter.php(355): CodeIgniter\CodeIgniter->handleRequest(null, Object(Config\Cache), false)
 9 SYSTEMPATH\Boot.php(312): CodeIgniter\CodeIgniter->run()
10 SYSTEMPATH\Boot.php(67): CodeIgniter\Boot::runCodeIgniter(Object(CodeIgniter\CodeIgniter))
11 FCPATH\index.php(56): CodeIgniter\Boot::bootWeb(Object(Config\Paths))
CRITICAL - 2024-06-06 18:00:04 --> ErrorException: Attempt to read property "IdMhsw" on array
[Method: GET, Route: mahasiswa]
in APPPATH\Views\mahasiswa\index.php on line 40.
 1 APPPATH\Views\mahasiswa\index.php(40): CodeIgniter\Debug\Exceptions->errorHandler(2, 'Attempt to read property "IdMhsw" on array', 'C:\\xampp\\htdocs\\ci\\app\\Views\\mahasiswa\\index.php', 40)
 2 SYSTEMPATH\View\View.php(234): include('C:\\xampp\\htdocs\\ci\\app\\Views\\mahasiswa\\index.php')
 3 SYSTEMPATH\View\View.php(237): CodeIgniter\View\View->CodeIgniter\View\{closure}()
 4 SYSTEMPATH\Common.php(1171): CodeIgniter\View\View->render('mahasiswa/index', [], true)
 5 APPPATH\Controllers\Mahasiswa.php(20): view('mahasiswa/index', [...])
 6 SYSTEMPATH\CodeIgniter.php(933): App\Controllers\Mahasiswa->index()
 7 SYSTEMPATH\CodeIgniter.php(509): CodeIgniter\CodeIgniter->runController(Object(App\Controllers\Mahasiswa))
 8 SYSTEMPATH\CodeIgniter.php(355): CodeIgniter\CodeIgniter->handleRequest(null, Object(Config\Cache), false)
 9 SYSTEMPATH\Boot.php(312): CodeIgniter\CodeIgniter->run()
10 SYSTEMPATH\Boot.php(67): CodeIgniter\Boot::runCodeIgniter(Object(CodeIgniter\CodeIgniter))
11 FCPATH\index.php(56): CodeIgniter\Boot::bootWeb(Object(Config\Paths))
CRITICAL - 2024-06-06 18:02:19 --> ErrorException: Attempt to read property "IdMhsw" on array
[Method: GET, Route: mahasiswa]
in APPPATH\Views\mahasiswa\index.php on line 42.
 1 APPPATH\Views\mahasiswa\index.php(42): CodeIgniter\Debug\Exceptions->errorHandler(2, 'Attempt to read property "IdMhsw" on array', 'C:\\xampp\\htdocs\\ci\\app\\Views\\mahasiswa\\index.php', 42)
 2 SYSTEMPATH\View\View.php(234): include('C:\\xampp\\htdocs\\ci\\app\\Views\\mahasiswa\\index.php')
 3 SYSTEMPATH\View\View.php(237): CodeIgniter\View\View->CodeIgniter\View\{closure}()
 4 SYSTEMPATH\Common.php(1171): CodeIgniter\View\View->render('mahasiswa/index', [], true)
 5 APPPATH\Controllers\Mahasiswa.php(20): view('mahasiswa/index', [...])
 6 SYSTEMPATH\CodeIgniter.php(933): App\Controllers\Mahasiswa->index()
 7 SYSTEMPATH\CodeIgniter.php(509): CodeIgniter\CodeIgniter->runController(Object(App\Controllers\Mahasiswa))
 8 SYSTEMPATH\CodeIgniter.php(355): CodeIgniter\CodeIgniter->handleRequest(null, Object(Config\Cache), false)
 9 SYSTEMPATH\Boot.php(312): CodeIgniter\CodeIgniter->run()
10 SYSTEMPATH\Boot.php(67): CodeIgniter\Boot::runCodeIgniter(Object(CodeIgniter\CodeIgniter))
11 FCPATH\index.php(56): CodeIgniter\Boot::bootWeb(Object(Config\Paths))
CRITICAL - 2024-06-06 18:10:32 --> Error: Call to undefined function form_error()
[Method: GET, Route: mahasiswa/add]
in APPPATH\Views\mahasiswa\add.php on line 27.
 1 SYSTEMPATH\View\View.php(234): include()
 2 SYSTEMPATH\View\View.php(237): CodeIgniter\View\View->CodeIgniter\View\{closure}()
 3 SYSTEMPATH\Common.php(1171): CodeIgniter\View\View->render('mahasiswa/add', [], true)
 4 APPPATH\Controllers\Mahasiswa.php(35): view('mahasiswa/add', [...])
 5 SYSTEMPATH\CodeIgniter.php(933): App\Controllers\Mahasiswa->add()
 6 SYSTEMPATH\CodeIgniter.php(509): CodeIgniter\CodeIgniter->runController(Object(App\Controllers\Mahasiswa))
 7 SYSTEMPATH\CodeIgniter.php(355): CodeIgniter\CodeIgniter->handleRequest(null, Object(Config\Cache), false)
 8 SYSTEMPATH\Boot.php(312): CodeIgniter\CodeIgniter->run()
 9 SYSTEMPATH\Boot.php(67): CodeIgniter\Boot::runCodeIgniter(Object(CodeIgniter\CodeIgniter))
10 FCPATH\index.php(56): CodeIgniter\Boot::bootWeb(Object(Config\Paths))
CRITICAL - 2024-06-06 18:16:56 --> Error: Call to undefined method CodeIgniter\Validation\Validation::set_rules()
[Method: GET, Route: mahasiswa/add]
in APPPATH\Controllers\Mahasiswa.php on line 32.
 1 SYSTEMPATH\CodeIgniter.php(933): App\Controllers\Mahasiswa->add()
 2 SYSTEMPATH\CodeIgniter.php(509): CodeIgniter\CodeIgniter->runController(Object(App\Controllers\Mahasiswa))
 3 SYSTEMPATH\CodeIgniter.php(355): CodeIgniter\CodeIgniter->handleRequest(null, Object(Config\Cache), false)
 4 SYSTEMPATH\Boot.php(312): CodeIgniter\CodeIgniter->run()
 5 SYSTEMPATH\Boot.php(67): CodeIgniter\Boot::runCodeIgniter(Object(CodeIgniter\CodeIgniter))
 6 FCPATH\index.php(56): CodeIgniter\Boot::bootWeb(Object(Config\Paths))
CRITICAL - 2024-06-06 18:18:44 --> Error: Call to undefined function form_error()
[Method: GET, Route: mahasiswa/add]
in APPPATH\Views\mahasiswa\add.php on line 27.
 1 SYSTEMPATH\View\View.php(234): include()
 2 SYSTEMPATH\View\View.php(237): CodeIgniter\View\View->CodeIgniter\View\{closure}()
 3 SYSTEMPATH\Common.php(1171): CodeIgniter\View\View->render('mahasiswa/add', [], true)
 4 APPPATH\Controllers\Mahasiswa.php(36): view('mahasiswa/add', [...])
 5 SYSTEMPATH\CodeIgniter.php(933): App\Controllers\Mahasiswa->add()
 6 SYSTEMPATH\CodeIgniter.php(509): CodeIgniter\CodeIgniter->runController(Object(App\Controllers\Mahasiswa))
 7 SYSTEMPATH\CodeIgniter.php(355): CodeIgniter\CodeIgniter->handleRequest(null, Object(Config\Cache), false)
 8 SYSTEMPATH\Boot.php(312): CodeIgniter\CodeIgniter->run()
 9 SYSTEMPATH\Boot.php(67): CodeIgniter\Boot::runCodeIgniter(Object(CodeIgniter\CodeIgniter))
10 FCPATH\index.php(56): CodeIgniter\Boot::bootWeb(Object(Config\Paths))
INFO - 2024-06-06 18:23:58 --> Session: Class initialized using 'CodeIgniter\Session\Handlers\FileHandler' driver.
CRITICAL - 2024-06-06 18:23:58 --> BadMethodCallException: Call to undefined method App\Models\Mahasiswa_model::validationRules
[Method: GET, Route: mahasiswa/add]
in SYSTEMPATH\Model.php on line 921.
 1 APPPATH\Controllers\Mahasiswa.php(35): CodeIgniter\Model->__call('validationRules', [])
 2 SYSTEMPATH\CodeIgniter.php(933): App\Controllers\Mahasiswa->add()
 3 SYSTEMPATH\CodeIgniter.php(509): CodeIgniter\CodeIgniter->runController(Object(App\Controllers\Mahasiswa))
 4 SYSTEMPATH\CodeIgniter.php(355): CodeIgniter\CodeIgniter->handleRequest(null, Object(Config\Cache), false)
 5 SYSTEMPATH\Boot.php(312): CodeIgniter\CodeIgniter->run()
 6 SYSTEMPATH\Boot.php(67): CodeIgniter\Boot::runCodeIgniter(Object(CodeIgniter\CodeIgniter))
 7 FCPATH\index.php(56): CodeIgniter\Boot::bootWeb(Object(Config\Paths))
INFO - 2024-06-06 18:24:14 --> Session: Class initialized using 'CodeIgniter\Session\Handlers\FileHandler' driver.
CRITICAL - 2024-06-06 18:24:14 --> BadMethodCallException: Call to undefined method App\Models\Mahasiswa_model::validationRules
[Method: GET, Route: mahasiswa/add]
in SYSTEMPATH\Model.php on line 921.
 1 APPPATH\Controllers\Mahasiswa.php(34): CodeIgniter\Model->__call('validationRules', [])
 2 SYSTEMPATH\CodeIgniter.php(933): App\Controllers\Mahasiswa->add()
 3 SYSTEMPATH\CodeIgniter.php(509): CodeIgniter\CodeIgniter->runController(Object(App\Controllers\Mahasiswa))
 4 SYSTEMPATH\CodeIgniter.php(355): CodeIgniter\CodeIgniter->handleRequest(null, Object(Config\Cache), false)
 5 SYSTEMPATH\Boot.php(312): CodeIgniter\CodeIgniter->run()
 6 SYSTEMPATH\Boot.php(67): CodeIgniter\Boot::runCodeIgniter(Object(CodeIgniter\CodeIgniter))
 7 FCPATH\index.php(56): CodeIgniter\Boot::bootWeb(Object(Config\Paths))
INFO - 2024-06-06 18:26:16 --> Session: Class initialized using 'CodeIgniter\Session\Handlers\FileHandler' driver.
CRITICAL - 2024-06-06 18:26:16 --> TypeError: str_contains(): Argument #1 ($haystack) must be of type string, int given
[Method: GET, Route: mahasiswa/add]
in SYSTEMPATH\Validation\Validation.php on line 172.
 1 SYSTEMPATH\Validation\Validation.php(172): str_contains(0, '*')
 2 APPPATH\Controllers\Mahasiswa.php(36): CodeIgniter\Validation\Validation->run()
 3 SYSTEMPATH\CodeIgniter.php(933): App\Controllers\Mahasiswa->add()
 4 SYSTEMPATH\CodeIgniter.php(509): CodeIgniter\CodeIgniter->runController(Object(App\Controllers\Mahasiswa))
 5 SYSTEMPATH\CodeIgniter.php(355): CodeIgniter\CodeIgniter->handleRequest(null, Object(Config\Cache), false)
 6 SYSTEMPATH\Boot.php(312): CodeIgniter\CodeIgniter->run()
 7 SYSTEMPATH\Boot.php(67): CodeIgniter\Boot::runCodeIgniter(Object(CodeIgniter\CodeIgniter))
 8 FCPATH\index.php(56): CodeIgniter\Boot::bootWeb(Object(Config\Paths))
INFO - 2024-06-06 18:26:41 --> Session: Class initialized using 'CodeIgniter\Session\Handlers\FileHandler' driver.
CRITICAL - 2024-06-06 18:26:41 --> TypeError: str_contains(): Argument #1 ($haystack) must be of type string, int given
[Method: GET, Route: mahasiswa/add]
in SYSTEMPATH\Validation\Validation.php on line 172.
 1 SYSTEMPATH\Validation\Validation.php(172): str_contains(0, '*')
 2 APPPATH\Controllers\Mahasiswa.php(36): CodeIgniter\Validation\Validation->run()
 3 SYSTEMPATH\CodeIgniter.php(933): App\Controllers\Mahasiswa->add()
 4 SYSTEMPATH\CodeIgniter.php(509): CodeIgniter\CodeIgniter->runController(Object(App\Controllers\Mahasiswa))
 5 SYSTEMPATH\CodeIgniter.php(355): CodeIgniter\CodeIgniter->handleRequest(null, Object(Config\Cache), false)
 6 SYSTEMPATH\Boot.php(312): CodeIgniter\CodeIgniter->run()
 7 SYSTEMPATH\Boot.php(67): CodeIgniter\Boot::runCodeIgniter(Object(CodeIgniter\CodeIgniter))
 8 FCPATH\index.php(56): CodeIgniter\Boot::bootWeb(Object(Config\Paths))
INFO - 2024-06-06 18:28:18 --> Session: Class initialized using 'CodeIgniter\Session\Handlers\FileHandler' driver.
CRITICAL - 2024-06-06 18:28:18 --> TypeError: str_contains(): Argument #1 ($haystack) must be of type string, int given
[Method: GET, Route: mahasiswa/add]
in SYSTEMPATH\Validation\Validation.php on line 172.
 1 SYSTEMPATH\Validation\Validation.php(172): str_contains(0, '*')
 2 APPPATH\Controllers\Mahasiswa.php(37): CodeIgniter\Validation\Validation->run()
 3 SYSTEMPATH\CodeIgniter.php(933): App\Controllers\Mahasiswa->add()
 4 SYSTEMPATH\CodeIgniter.php(509): CodeIgniter\CodeIgniter->runController(Object(App\Controllers\Mahasiswa))
 5 SYSTEMPATH\CodeIgniter.php(355): CodeIgniter\CodeIgniter->handleRequest(null, Object(Config\Cache), false)
 6 SYSTEMPATH\Boot.php(312): CodeIgniter\CodeIgniter->run()
 7 SYSTEMPATH\Boot.php(67): CodeIgniter\Boot::runCodeIgniter(Object(CodeIgniter\CodeIgniter))
 8 FCPATH\index.php(56): CodeIgniter\Boot::bootWeb(Object(Config\Paths))
CRITICAL - 2024-06-06 18:29:13 --> TypeError: str_contains(): Argument #1 ($haystack) must be of type string, int given
[Method: GET, Route: mahasiswa/add]
in SYSTEMPATH\Validation\Validation.php on line 172.
 1 SYSTEMPATH\Validation\Validation.php(172): str_contains(0, '*')
 2 APPPATH\Controllers\Mahasiswa.php(36): CodeIgniter\Validation\Validation->run()
 3 SYSTEMPATH\CodeIgniter.php(933): App\Controllers\Mahasiswa->add()
 4 SYSTEMPATH\CodeIgniter.php(509): CodeIgniter\CodeIgniter->runController(Object(App\Controllers\Mahasiswa))
 5 SYSTEMPATH\CodeIgniter.php(355): CodeIgniter\CodeIgniter->handleRequest(null, Object(Config\Cache), false)
 6 SYSTEMPATH\Boot.php(312): CodeIgniter\CodeIgniter->run()
 7 SYSTEMPATH\Boot.php(67): CodeIgniter\Boot::runCodeIgniter(Object(CodeIgniter\CodeIgniter))
 8 FCPATH\index.php(56): CodeIgniter\Boot::bootWeb(Object(Config\Paths))
CRITICAL - 2024-06-06 18:32:12 --> TypeError: str_contains(): Argument #1 ($haystack) must be of type string, int given
[Method: GET, Route: mahasiswa/add]
in SYSTEMPATH\Validation\Validation.php on line 172.
 1 SYSTEMPATH\Validation\Validation.php(172): str_contains(0, '*')
 2 APPPATH\Controllers\Mahasiswa.php(37): CodeIgniter\Validation\Validation->run()
 3 SYSTEMPATH\CodeIgniter.php(933): App\Controllers\Mahasiswa->add()
 4 SYSTEMPATH\CodeIgniter.php(509): CodeIgniter\CodeIgniter->runController(Object(App\Controllers\Mahasiswa))
 5 SYSTEMPATH\CodeIgniter.php(355): CodeIgniter\CodeIgniter->handleRequest(null, Object(Config\Cache), false)
 6 SYSTEMPATH\Boot.php(312): CodeIgniter\CodeIgniter->run()
 7 SYSTEMPATH\Boot.php(67): CodeIgniter\Boot::runCodeIgniter(Object(CodeIgniter\CodeIgniter))
 8 FCPATH\index.php(56): CodeIgniter\Boot::bootWeb(Object(Config\Paths))
CRITICAL - 2024-06-06 18:32:22 --> Error: Call to undefined function form_error()
[Method: GET, Route: mahasiswa/add]
in APPPATH\Views\mahasiswa\add.php on line 27.
 1 SYSTEMPATH\View\View.php(234): include()
 2 SYSTEMPATH\View\View.php(237): CodeIgniter\View\View->CodeIgniter\View\{closure}()
 3 SYSTEMPATH\Common.php(1171): CodeIgniter\View\View->render('mahasiswa/add', [], true)
 4 APPPATH\Controllers\Mahasiswa.php(40): view('mahasiswa/add', [...])
 5 SYSTEMPATH\CodeIgniter.php(933): App\Controllers\Mahasiswa->add()
 6 SYSTEMPATH\CodeIgniter.php(509): CodeIgniter\CodeIgniter->runController(Object(App\Controllers\Mahasiswa))
 7 SYSTEMPATH\CodeIgniter.php(355): CodeIgniter\CodeIgniter->handleRequest(null, Object(Config\Cache), false)
 8 SYSTEMPATH\Boot.php(312): CodeIgniter\CodeIgniter->run()
 9 SYSTEMPATH\Boot.php(67): CodeIgniter\Boot::runCodeIgniter(Object(CodeIgniter\CodeIgniter))
10 FCPATH\index.php(56): CodeIgniter\Boot::bootWeb(Object(Config\Paths))
CRITICAL - 2024-06-06 18:33:52 --> TypeError: str_contains(): Argument #1 ($haystack) must be of type string, int given
[Method: GET, Route: mahasiswa/add]
in SYSTEMPATH\Validation\Validation.php on line 172.
 1 SYSTEMPATH\Validation\Validation.php(172): str_contains(0, '*')
 2 APPPATH\Controllers\Mahasiswa.php(38): CodeIgniter\Validation\Validation->run()
 3 SYSTEMPATH\CodeIgniter.php(933): App\Controllers\Mahasiswa->add()
 4 SYSTEMPATH\CodeIgniter.php(509): CodeIgniter\CodeIgniter->runController(Object(App\Controllers\Mahasiswa))
 5 SYSTEMPATH\CodeIgniter.php(355): CodeIgniter\CodeIgniter->handleRequest(null, Object(Config\Cache), false)
 6 SYSTEMPATH\Boot.php(312): CodeIgniter\CodeIgniter->run()
 7 SYSTEMPATH\Boot.php(67): CodeIgniter\Boot::runCodeIgniter(Object(CodeIgniter\CodeIgniter))
 8 FCPATH\index.php(56): CodeIgniter\Boot::bootWeb(Object(Config\Paths))
